Build started 24/04/2017 5:10:38 CH.
     1>Project "D:\HOC TAP\BAI TAP NLLTCT\BAI LAB THUC HANH\Lab 7\BAI TAP BAT BUOC\Lab07_E_Bai3\Lab07_E_Bai3\Lab07_E_Bai3.vcxproj" on node 2 (build target(s)).
     1>PrepareForBuild:
         Creating directory "D:\HOC TAP\BAI TAP NLLTCT\BAI LAB THUC HANH\Lab 7\BAI TAP BAT BUOC\Lab07_E_Bai3\Debug\".
       InitializeBuildStatus:
         Creating "Debug\Lab07_E_Bai3.unsuccessfulbuild" because "AlwaysCreate" was specified.
       ClCompile:
         C:\Program Files (x86)\Microsoft Visual Studio 10.0\VC\bin\CL.exe /c /ZI /nologo /W3 /WX- /Od /Oy- /D WIN32 /D _DEBUG /D _CONSOLE /D _UNICODE /D UNICODE /Gm /EHsc /RTC1 /MDd /GS /fp:precise /Zc:wchar_t /Zc:forScope /Fo"Debug\\" /Fd"Debug\vc100.pdb" /Gd /TP /analyze- /errorReport:prompt Program.cpp
         Program.cpp
       ManifestResourceCompile:
         C:\Program Files (x86)\Microsoft SDKs\Windows\v7.0A\bin\rc.exe /nologo /fo"Debug\Lab07_E_Bai3.exe.embed.manifest.res" Debug\Lab07_E_Bai3_manifest.rc 
       Link:
         C:\Program Files (x86)\Microsoft Visual Studio 10.0\VC\bin\link.exe /ERRORREPORT:PROMPT /OUT:"D:\HOC TAP\BAI TAP NLLTCT\BAI LAB THUC HANH\Lab 7\BAI TAP BAT BUOC\Lab07_E_Bai3\Debug\Lab07_E_Bai3.exe" /INCREMENTAL /NOLOGO kernel32.lib user32.lib gdi32.lib winspool.lib comdlg32.lib advapi32.lib shell32.lib ole32.lib oleaut32.lib uuid.lib odbc32.lib odbccp32.lib /MANIFEST /ManifestFile:"Debug\Lab07_E_Bai3.exe.intermediate.manifest" /MANIFESTUAC:"level='asInvoker' uiAccess='false'" /DEBUG /PDB:"D:\HOC TAP\BAI TAP NLLTCT\BAI LAB THUC HANH\Lab 7\BAI TAP BAT BUOC\Lab07_E_Bai3\Debug\Lab07_E_Bai3.pdb" /SUBSYSTEM:CONSOLE /TLBID:1 /DYNAMICBASE /NXCOMPAT /IMPLIB:"D:\HOC TAP\BAI TAP NLLTCT\BAI LAB THUC HANH\Lab 7\BAI TAP BAT BUOC\Lab07_E_Bai3\Debug\Lab07_E_Bai3.lib" /MACHINE:X86 Debug\Lab07_E_Bai3.exe.embed.manifest.res
         Debug\Program.obj
       Manifest:
         C:\Program Files (x86)\Microsoft SDKs\Windows\v7.0A\bin\mt.exe /nologo /verbose /out:"Debug\Lab07_E_Bai3.exe.embed.manifest" /manifest Debug\Lab07_E_Bai3.exe.intermediate.manifest
         C:\Program Files (x86)\Microsoft SDKs\Windows\v7.0A\bin\rc.exe /nologo /fo"Debug\Lab07_E_Bai3.exe.embed.manifest.res" Debug\Lab07_E_Bai3_manifest.rc 
       LinkEmbedManifest:
         C:\Program Files (x86)\Microsoft Visual Studio 10.0\VC\bin\link.exe /ERRORREPORT:PROMPT /OUT:"D:\HOC TAP\BAI TAP NLLTCT\BAI LAB THUC HANH\Lab 7\BAI TAP BAT BUOC\Lab07_E_Bai3\Debug\Lab07_E_Bai3.exe" /INCREMENTAL /NOLOGO kernel32.lib user32.lib gdi32.lib winspool.lib comdlg32.lib advapi32.lib shell32.lib ole32.lib oleaut32.lib uuid.lib odbc32.lib odbccp32.lib /MANIFEST /ManifestFile:"Debug\Lab07_E_Bai3.exe.intermediate.manifest" /MANIFESTUAC:"level='asInvoker' uiAccess='false'" /DEBUG /PDB:"D:\HOC TAP\BAI TAP NLLTCT\BAI LAB THUC HANH\Lab 7\BAI TAP BAT BUOC\Lab07_E_Bai3\Debug\Lab07_E_Bai3.pdb" /SUBSYSTEM:CONSOLE /TLBID:1 /DYNAMICBASE /NXCOMPAT /IMPLIB:"D:\HOC TAP\BAI TAP NLLTCT\BAI LAB THUC HANH\Lab 7\BAI TAP BAT BUOC\Lab07_E_Bai3\Debug\Lab07_E_Bai3.lib" /MACHINE:X86 Debug\Lab07_E_Bai3.exe.embed.manifest.res
         Debug\Program.obj
         Lab07_E_Bai3.vcxproj -> D:\HOC TAP\BAI TAP NLLTCT\BAI LAB THUC HANH\Lab 7\BAI TAP BAT BUOC\Lab07_E_Bai3\Debug\Lab07_E_Bai3.exe
       FinalizeBuildStatus:
         Deleting file "Debug\Lab07_E_Bai3.unsuccessfulbuild".
         Touching "Debug\Lab07_E_Bai3.lastbuildstate".
     1>Done Building Project "D:\HOC TAP\BAI TAP NLLTCT\BAI LAB THUC HANH\Lab 7\BAI TAP BAT BUOC\Lab07_E_Bai3\Lab07_E_Bai3\Lab07_E_Bai3.vcxproj" (build target(s)).

Build succeeded.

Time Elapsed 00:00:05.08
